<?xml version="1.0" encoding="UTF-8"?>
<testng-results ignored="0" total="1" passed="1" failed="0" skipped="0">
  <reporter-output>
    <line>
      <![CDATA[lounching Browser]]>
    </line>
    <line>
      <![CDATA[sending data in input fields]]>
    </line>
    <line>
      <![CDATA[This is Test Class]]>
    </line>
    <line>
      <![CDATA[log out is running]]>
    </line>
    <line>
      <![CDATA[closing browser]]>
    </line>
  </reporter-output>
  <suite started-at="2022-12-17T17:07:50 IST" name="mavenJuly23TestClass.NopComTest" finished-at="2022-12-17T17:08:31 IST" duration-ms="41322">
    <groups>
    </groups>
    <test started-at="2022-12-17T17:07:50 IST" name="Command line test" finished-at="2022-12-17T17:08:31 IST" duration-ms="41322">
      <class name="mavenJuly23TestClass.NopComTest">
        <test-method is-config="true" signature="lounchBrowser()[pri:0, instance:mavenJuly23TestClass.NopComTest@1356d4d4]" started-at="2022-12-17T17:07:50 IST" name="lounchBrowser" finished-at="2022-12-17T17:08:11 IST" duration-ms="20710" status="PASS">
          <reporter-output>
            <line>
              <![CDATA[lounching Browser]]>
            </line>
          </reporter-output>
        </test-method> <!-- lounchBrowser -->
        <test-method is-config="true" signature="regeration()[pri:0, instance:mavenJuly23TestClass.NopComTest@1356d4d4]" started-at="2022-12-17T17:08:11 IST" name="regeration" finished-at="2022-12-17T17:08:30 IST" duration-ms="19029" status="PASS">
          <reporter-output>
            <line>
              <![CDATA[sending data in input fields]]>
            </line>
          </reporter-output>
        </test-method> <!-- regeration -->
        <test-method signature="validateFun()[pri:0, instance:mavenJuly23TestClass.NopComTest@1356d4d4]" started-at="2022-12-17T17:08:30 IST" name="validateFun" finished-at="2022-12-17T17:08:31 IST" duration-ms="1321" status="PASS">
          <reporter-output>
            <line>
              <![CDATA[This is Test Class]]>
            </line>
          </reporter-output>
        </test-method> <!-- validateFun -->
        <test-method is-config="true" signature="logOut()[pri:0, instance:mavenJuly23TestClass.NopComTest@1356d4d4]" started-at="2022-12-17T17:08:31 IST" name="logOut" finished-at="2022-12-17T17:08:31 IST" duration-ms="0" status="PASS">
          <reporter-output>
            <line>
              <![CDATA[log out is running]]>
            </line>
          </reporter-output>
        </test-method> <!-- logOut -->
        <test-method is-config="true" signature="closeBrowser()[pri:0, instance:mavenJuly23TestClass.NopComTest@1356d4d4]" started-at="2022-12-17T17:08:31 IST" name="closeBrowser" finished-at="2022-12-17T17:08:31 IST" duration-ms="183" status="PASS">
          <reporter-output>
            <line>
              <![CDATA[closing browser]]>
            </line>
          </reporter-output>
        </test-method> <!-- closeBrowser -->
      </class> <!-- mavenJuly23TestClass.NopComTest -->
    </test> <!-- Command line test -->
  </suite> <!-- mavenJuly23TestClass.NopComTest -->
</testng-results>
