<?xml version="1.0" encoding="UTF-8"?>
<testng-results ignored="0" total="1" passed="1" failed="0" skipped="0">
  <reporter-output>
    <line>
      <![CDATA[lounching Browser]]>
    </line>
    <line>
      <![CDATA[sending data in input fields]]>
    </line>
    <line>
      <![CDATA[This is Test Class]]>
    </line>
    <line>
      <![CDATA[log out is running]]>
    </line>
    <line>
      <![CDATA[closing browser]]>
    </line>
  </reporter-output>
  <suite started-at="2023-02-19T12:09:49 IST" name="Default suite" finished-at="2023-02-19T12:10:08 IST" duration-ms="19163">
    <groups>
    </groups>
    <test started-at="2023-02-19T12:09:49 IST" name="Default test" finished-at="2023-02-19T12:10:08 IST" duration-ms="19163">
      <class name="mavenJuly23TestClass.NopComTest">
        <test-method is-config="true" signature="lounchBrowser()[pri:0, instance:mavenJuly23TestClass.NopComTest@f6efaab]" started-at="2023-02-19T12:09:49 IST" name="lounchBrowser" finished-at="2023-02-19T12:09:53 IST" duration-ms="4025" status="PASS">
          <reporter-output>
            <line>
              <![CDATA[lounching Browser]]>
            </line>
          </reporter-output>
        </test-method> <!-- lounchBrowser -->
        <test-method is-config="true" signature="regeration()[pri:0, instance:mavenJuly23TestClass.NopComTest@f6efaab]" started-at="2023-02-19T12:09:53 IST" name="regeration" finished-at="2023-02-19T12:10:07 IST" duration-ms="13699" status="PASS">
          <reporter-output>
            <line>
              <![CDATA[sending data in input fields]]>
            </line>
          </reporter-output>
        </test-method> <!-- regeration -->
        <test-method signature="validateFun()[pri:0, instance:mavenJuly23TestClass.NopComTest@f6efaab]" started-at="2023-02-19T12:10:07 IST" name="validateFun" finished-at="2023-02-19T12:10:08 IST" duration-ms="1199" status="PASS">
          <reporter-output>
            <line>
              <![CDATA[This is Test Class]]>
            </line>
          </reporter-output>
        </test-method> <!-- validateFun -->
        <test-method is-config="true" signature="logOut()[pri:0, instance:mavenJuly23TestClass.NopComTest@f6efaab]" started-at="2023-02-19T12:10:08 IST" name="logOut" finished-at="2023-02-19T12:10:08 IST" duration-ms="1" status="PASS">
          <reporter-output>
            <line>
              <![CDATA[log out is running]]>
            </line>
          </reporter-output>
        </test-method> <!-- logOut -->
        <test-method is-config="true" signature="closeBrowser()[pri:0, instance:mavenJuly23TestClass.NopComTest@f6efaab]" started-at="2023-02-19T12:10:08 IST" name="closeBrowser" finished-at="2023-02-19T12:10:08 IST" duration-ms="188" status="PASS">
          <reporter-output>
            <line>
              <![CDATA[closing browser]]>
            </line>
          </reporter-output>
        </test-method> <!-- closeBrowser -->
      </class> <!-- mavenJuly23TestClass.NopComTest -->
    </test> <!-- Default test -->
  </suite> <!-- Default suite -->
</testng-results>
